[debug] [2024-11-22T22:49:33.743Z] ----------------------------------------------------------------------
[debug] [2024-11-22T22:49:33.745Z] Command:       /usr/local/share/nvm/versions/node/v20.17.0/bin/node /home/codespace/nvm/current/bin/firebase login
[debug] [2024-11-22T22:49:33.746Z] CLI Version:   13.27.0
[debug] [2024-11-22T22:49:33.746Z] Platform:      linux
[debug] [2024-11-22T22:49:33.746Z] Node Version:  v20.17.0
[debug] [2024-11-22T22:49:33.746Z] Time:          Fri Nov 22 2024 22:49:33 GMT+0000 (Coordinated Universal Time)
[debug] [2024-11-22T22:49:33.746Z] Env Overrides: GITHUB_API_URL, GITHUB_API_URL
[debug] [2024-11-22T22:49:33.746Z] ----------------------------------------------------------------------
[debug] 
[debug] [2024-11-22T22:49:33.748Z] >>> [apiv2][query] GET https://firebase-public.firebaseio.com/cli.json [none]
[info] i  Firebase optionally collects CLI and Emulator Suite usage and error reporting information to help improve our products. Data is collected in accordance with Google's privacy policy (https://policies.google.com/privacy) and is not used to identify you.
 
[debug] [2024-11-22T22:49:33.931Z] <<< [apiv2][status] GET https://firebase-public.firebaseio.com/cli.json 200
[debug] [2024-11-22T22:49:33.931Z] <<< [apiv2][body] GET https://firebase-public.firebaseio.com/cli.json {"cloudBuildErrorAfter":1594252800000,"cloudBuildWarnAfter":1590019200000,"defaultNode10After":1594252800000,"minVersion":"3.0.5","node8DeploysDisabledAfter":1613390400000,"node8RuntimeDisabledAfter":1615809600000,"node8WarnAfter":1600128000000}
[debug] [2024-11-22T22:49:54.109Z] >>> [apiv2][query] POST https://auth.firebase.tools/attest [none]
[debug] [2024-11-22T22:49:54.109Z] >>> [apiv2][body] POST https://auth.firebase.tools/attest {"session_id":"b89c8d06-cd4b-4208-89a9-8c0a8618953f"}
[debug] [2024-11-22T22:49:54.532Z] <<< [apiv2][status] POST https://auth.firebase.tools/attest 200
[debug] [2024-11-22T22:49:54.533Z] <<< [apiv2][body] POST https://auth.firebase.tools/attest {"token":"igtd-6NhNzz_t_NllPQgn2187GzIIi2BMqBg0CaZhGk"}
[info] 
[info] To sign in to the Firebase CLI:
[info] 
[info] 1. Take note of your session ID:
[info] 
[info]    B89C8
[info] 
[info] 2. Visit the URL below on any device and follow the instructions to get your code:
[info] 
[info]    https://auth.firebase.tools/login?code_challenge=GWy85WwglEWMYiRn1ioZOgwBfQpQ0raFTWwQf1SU-0s&session=b89c8d06-cd4b-4208-89a9-8c0a8618953f&attest=igtd-6NhNzz_t_NllPQgn2187GzIIi2BMqBg0CaZhGk
[info] 
[info] 3. Paste or enter the authorization code below once you have it:
[info] 
